<?xml version="1.0" encoding="UTF-8"?>
<robot generator="Robot 7.4.1 (Python 3.11.9 on win32)" generated="2026-01-16T09:23:53.181480" rpa="false" schemaversion="5">
<suite id="s1" name="Tests" source="C:\Users\rumaj\OneDrive\Documents\Programs\Production_Tester\Robot\tests">
<suite id="s1-s1" name="Measurement Tests" source="C:\Users\rumaj\OneDrive\Documents\Programs\Production_Tester\Robot\tests\measurement_tests.robot">
<test id="s1-s1-t1" name="Current Measurement Is Within Limits" line="5">
<kw name="Measure Current" owner="measurement_keywords">
<msg time="2026-01-16T09:23:57.538417" level="INFO">${i} = 25.892510445241214</msg>
<var>${i}</var>
<status status="PASS" start="2026-01-16T09:23:53.335132" elapsed="4.204438"/>
</kw>
<kw name="Should Be True" owner="BuiltIn">
<arg>${i} &gt; 0</arg>
<doc>Fails if the given condition is not true.</doc>
<status status="PASS" start="2026-01-16T09:23:57.539570" elapsed="0.001010"/>
</kw>
<kw name="Should Be True" owner="BuiltIn">
<arg>${i} &lt; 50</arg>
<doc>Fails if the given condition is not true.</doc>
<status status="PASS" start="2026-01-16T09:23:57.541610" elapsed="0.000971"/>
</kw>
<status status="PASS" start="2026-01-16T09:23:53.334132" elapsed="4.208449"/>
</test>
<status status="PASS" start="2026-01-16T09:23:53.229043" elapsed="4.313538"/>
</suite>
<suite id="s1-s2" name="Smoke Tests" source="C:\Users\rumaj\OneDrive\Documents\Programs\Production_Tester\Robot\tests\smoke_tests.robot">
<test id="s1-s2-t1" name="Smoke Test Runs Successfully" line="5">
<kw name="Log" owner="BuiltIn">
<msg time="2026-01-16T09:23:57.549817" level="INFO">Starting smoke test</msg>
<arg>Starting smoke test</arg>
<doc>Logs the given message with the given level.</doc>
<status status="PASS" start="2026-01-16T09:23:57.549817" elapsed="0.000000"/>
</kw>
<kw name="Run Test" owner="test_api">
<msg time="2026-01-16T09:24:02.061267" level="INFO">${result} = (23.955252093104708, 'PASS')</msg>
<var>${result}</var>
<arg>${DEFAULT_SPEC}</arg>
<status status="PASS" start="2026-01-16T09:23:57.549817" elapsed="4.511450"/>
</kw>
<kw name="Should Not Be Empty" owner="BuiltIn">
<msg time="2026-01-16T09:24:02.062267" level="INFO">Length is 2.</msg>
<arg>${result}</arg>
<doc>Verifies that the given item is not empty.</doc>
<status status="PASS" start="2026-01-16T09:24:02.061267" elapsed="0.001000"/>
</kw>
<kw name="Log" owner="BuiltIn">
<msg time="2026-01-16T09:24:02.062267" level="INFO">Smoke test finished</msg>
<arg>Smoke test finished</arg>
<doc>Logs the given message with the given level.</doc>
<status status="PASS" start="2026-01-16T09:24:02.062267" elapsed="0.001024"/>
</kw>
<status status="PASS" start="2026-01-16T09:23:57.549817" elapsed="4.514469"/>
</test>
<status status="PASS" start="2026-01-16T09:23:57.543811" elapsed="4.520475"/>
</suite>
<suite id="s1-s3" name="Ui Tests" source="C:\Users\rumaj\OneDrive\Documents\Programs\Production_Tester\Robot\tests\ui_tests.robot">
<test id="s1-s3-t1" name="UI Logic Start Flow Works" line="5">
<kw name="Log" owner="BuiltIn">
<msg time="2026-01-16T09:24:02.071145" level="INFO">Testing UILogic start flow</msg>
<arg>Testing UILogic start flow</arg>
<doc>Logs the given message with the given level.</doc>
<status status="PASS" start="2026-01-16T09:24:02.071145" elapsed="0.000000"/>
</kw>
<kw name="Press Start" owner="ui_keywords">
<arg>${DEFAULT_SPEC}</arg>
<status status="PASS" start="2026-01-16T09:24:02.072646" elapsed="6.759827"/>
</kw>
<kw name="Get Ui Status" owner="ui_keywords">
<msg time="2026-01-16T09:24:08.832473" level="INFO">${status} = Finished</msg>
<var>${status}</var>
<status status="PASS" start="2026-01-16T09:24:08.832473" elapsed="0.000000"/>
</kw>
<kw name="Should Be Equal" owner="BuiltIn">
<arg>${status}</arg>
<arg>Finished</arg>
<doc>Fails if the given objects are unequal.</doc>
<status status="PASS" start="2026-01-16T09:24:08.833477" elapsed="0.001020"/>
</kw>
<status status="PASS" start="2026-01-16T09:24:02.071145" elapsed="6.763352"/>
</test>
<test id="s1-s3-t2" name="UI Logic Stop Flow Works" line="11">
<kw name="Log" owner="BuiltIn">
<msg time="2026-01-16T09:24:08.835547" level="INFO">Testing UILogic stop flow</msg>
<arg>Testing UILogic stop flow</arg>
<doc>Logs the given message with the given level.</doc>
<status status="PASS" start="2026-01-16T09:24:08.835547" elapsed="0.000000"/>
</kw>
<kw name="Press Stop" owner="ui_keywords">
<status status="PASS" start="2026-01-16T09:24:08.835547" elapsed="0.000000"/>
</kw>
<kw name="Get Ui Status" owner="ui_keywords">
<msg time="2026-01-16T09:24:08.836544" level="INFO">${status} = Stopped</msg>
<var>${status}</var>
<status status="PASS" start="2026-01-16T09:24:08.835547" elapsed="0.000997"/>
</kw>
<kw name="Should Be Equal" owner="BuiltIn">
<arg>${status}</arg>
<arg>Stopped</arg>
<doc>Fails if the given objects are unequal.</doc>
<status status="PASS" start="2026-01-16T09:24:08.836544" elapsed="0.000000"/>
</kw>
<status status="PASS" start="2026-01-16T09:24:08.835547" elapsed="0.000997"/>
</test>
<test id="s1-s3-t3" name="UI Logic Cancel Flow Works" line="17">
<kw name="Log" owner="BuiltIn">
<msg time="2026-01-16T09:24:08.837544" level="INFO">Testing UILogic cancel flow</msg>
<arg>Testing UILogic cancel flow</arg>
<doc>Logs the given message with the given level.</doc>
<status status="PASS" start="2026-01-16T09:24:08.837544" elapsed="0.000000"/>
</kw>
<kw name="Press Cancel" owner="ui_keywords">
<status status="PASS" start="2026-01-16T09:24:08.837544" elapsed="0.000000"/>
</kw>
<kw name="Get Ui Status" owner="ui_keywords">
<msg time="2026-01-16T09:24:08.837544" level="INFO">${status} = Cancelled</msg>
<var>${status}</var>
<status status="PASS" start="2026-01-16T09:24:08.837544" elapsed="0.000000"/>
</kw>
<kw name="Should Be Equal" owner="BuiltIn">
<arg>${status}</arg>
<arg>Cancelled</arg>
<doc>Fails if the given objects are unequal.</doc>
<status status="PASS" start="2026-01-16T09:24:08.837544" elapsed="0.000999"/>
</kw>
<status status="PASS" start="2026-01-16T09:24:08.836544" elapsed="0.003002"/>
</test>
<status status="PASS" start="2026-01-16T09:24:02.065310" elapsed="6.774236"/>
</suite>
<status status="PASS" start="2026-01-16T09:23:53.184454" elapsed="15.656103"/>
</suite>
<statistics>
<total>
<stat pass="5" fail="0" skip="0">All Tests</stat>
</total>
<tag>
</tag>
<suite>
<stat name="Tests" id="s1" pass="5" fail="0" skip="0">Tests</stat>
<stat name="Measurement Tests" id="s1-s1" pass="1" fail="0" skip="0">Tests.Measurement Tests</stat>
<stat name="Smoke Tests" id="s1-s2" pass="1" fail="0" skip="0">Tests.Smoke Tests</stat>
<stat name="Ui Tests" id="s1-s3" pass="3" fail="0" skip="0">Tests.Ui Tests</stat>
</suite>
</statistics>
<errors>
</errors>
</robot>
